<?xml version="1.0" encoding="UTF-8"?>
<!-- Generated by org.testng.reporters.JUnitReportReporter -->
<testsuite hostname="LAPTOP-8E92TQBA" failures="0" tests="2" name="cucumber.TestNGTestRunner" time="37.446" errors="0" timestamp="2024-10-10T11:23:49 IST" skipped="0">
  <testcase classname="cucumber.TestNGTestRunner" name="runScenario" time="25.782"/>
  <testcase classname="cucumber.TestNGTestRunner" name="runScenario" time="11.664"/>
</testsuite> <!-- cucumber.TestNGTestRunner -->
