<?xml version="1.0" encoding="UTF-8"?>
<!-- Generated by org.testng.reporters.JUnitReportReporter -->
<testsuite hostname="LAPTOP-8E92TQBA" failures="0" tests="1" name="rahulshettyacademy.tests.ErrorValidationsTest" time="5.221" errors="0" timestamp="2024-10-06T00:35:19 IST" skipped="0">
  <testcase classname="rahulshettyacademy.tests.ErrorValidationsTest" name="LoginErrorValidation" time="5.221"/>
</testsuite> <!-- rahulshettyacademy.tests.ErrorValidationsTest -->
