<?xml version="1.0" encoding="UTF-8"?>
<!-- Generated by org.testng.reporters.JUnitReportReporter -->
<testsuite hostname="LAPTOP-8E92TQBA" failures="0" tests="1" name="rahulshettyacademy.AppTest" time="0.030" errors="0" timestamp="2024-09-22T11:13:18 IST" skipped="0">
  <testcase classname="rahulshettyacademy.AppTest" name="shouldAnswerWithTrue" time="0.030"/>
</testsuite> <!-- rahulshettyacademy.AppTest -->
