<?xml version="1.0" encoding="UTF-8"?>
<!-- Generated by org.testng.reporters.JUnitReportReporter -->
<testsuite hostname="LAPTOP-8E92TQBA" failures="0" tests="3" name="rahulshettyacademy.tests.SubmitOrderTest" time="61.706" errors="0" timestamp="2024-10-06T11:02:20 IST" skipped="0">
  <testcase classname="rahulshettyacademy.tests.SubmitOrderTest" name="SubmitOrder" time="31.238"/>
  <testcase classname="rahulshettyacademy.tests.SubmitOrderTest" name="OrderHistory" time="7.344"/>
  <testcase classname="rahulshettyacademy.tests.SubmitOrderTest" name="SubmitOrder" time="23.124"/>
</testsuite> <!-- rahulshettyacademy.tests.SubmitOrderTest -->
