<?xml version="1.0" encoding="UTF-8"?>
<!-- Generated by org.testng.reporters.JUnitReportReporter -->
<testsuite hostname="LAPTOP-8E92TQBA" failures="0" tests="2" name="rahulshettyacademy.tests.ErrorValidationsTest" time="35.979" errors="0" timestamp="2024-10-06T11:02:20 IST" skipped="0">
  <testcase classname="rahulshettyacademy.tests.ErrorValidationsTest" name="LoginErrorValidation" time="9.418"/>
  <testcase classname="rahulshettyacademy.tests.ErrorValidationsTest" name="ProductErrorValidation" time="26.561"/>
</testsuite> <!-- rahulshettyacademy.tests.ErrorValidationsTest -->
